<?xml version="1.0" encoding="UTF-8"?>
<testng-results skipped="0" failed="0" ignored="0" total="1" passed="1">
  <reporter-output>
  </reporter-output>
  <suite name="Default suite" duration-ms="130" started-at="2023-03-25T12:17:53 IST" finished-at="2023-03-25T12:17:53 IST">
    <groups>
    </groups>
    <test name="Default test" duration-ms="130" started-at="2023-03-25T12:17:53 IST" finished-at="2023-03-25T12:17:53 IST">
      <class name="practice2.OrganisationPage">
        <test-method status="PASS" signature="demoo()[pri:0, instance:practice2.OrganisationPage@121e813]" name="demoo" duration-ms="25" started-at="2023-03-25T12:17:53 IST" finished-at="2023-03-25T12:17:53 IST">
          <reporter-output>
          </reporter-output>
        </test-method> <!-- demoo -->
      </class> <!-- practice2.OrganisationPage -->
    </test> <!-- Default test -->
  </suite> <!-- Default suite -->
</testng-results>
