<?xml version="1.0" encoding="UTF-8"?>
<testng-results skipped="0" failed="0" ignored="0" total="1" passed="1">
  <reporter-output>
  </reporter-output>
  <suite name="Default suite" duration-ms="383" started-at="2023-03-25T11:37:15 IST" finished-at="2023-03-25T11:37:16 IST">
    <groups>
    </groups>
    <test name="Default test" duration-ms="383" started-at="2023-03-25T11:37:15 IST" finished-at="2023-03-25T11:37:16 IST">
      <class name="practice.ContactsPage">
        <test-method status="PASS" signature="demo()[pri:0, instance:practice.ContactsPage@121e813]" name="demo" duration-ms="69" started-at="2023-03-25T11:37:16 IST" finished-at="2023-03-25T11:37:16 IST">
          <reporter-output>
          </reporter-output>
        </test-method> <!-- demo -->
      </class> <!-- practice.ContactsPage -->
    </test> <!-- Default test -->
  </suite> <!-- Default suite -->
</testng-results>
